<?xml version="1.0" encoding="UTF-8"?>
<!-- Generated by org.testng.reporters.JUnitXMLReporter -->
<testsuite hostname="JOMON027" ignored="0" name="Default test" tests="4" failures="0" timestamp="20 Dec 2018 00:48:18 GMT" time="33.096" errors="0">
  <testcase name="enterCredentials" time="2.139" classname="tests.calculator.ValidationTest"/>
  <testcase name="login" time="3.983" classname="tests.calculator.ValidationTest"/>
  <testcase name="componentTesting" time="10.693" classname="tests.calculator.ValidationTest"/>
  <testcase name="makePayment" time="12.248" classname="tests.calculator.ValidationTest"/>
</testsuite> <!-- Default test -->
